#TYPE System.IO.FileInfo
"PSPath","PSParentPath","PSChildName","PSDrive","PSProvider","PSIsContainer","Mode","VersionInfo","BaseName","Target","LinkType","Name","Length","DirectoryName","Directory","IsReadOnly","Exists","FullName","Extension","CreationTime","CreationTimeUtc","LastAccessTime","LastAccessTimeUtc","LastWriteTime","LastWriteTimeUtc","Attributes"
"Microsoft.PowerShell.Core\FileSystem::C:\Users\champuser\CSI-230-01\week2\otherfile.ps1","Microsoft.PowerShell.Core\FileSystem::C:\Users\champuser\CSI-230-01\week2","otherfile.ps1","C","Microsoft.PowerShell.Core\FileSystem","False","-a----","File:             C:\Users\champuser\CSI-230-01\week2\otherfile.ps1
InternalName:     
OriginalFilename: 
FileVersion:      
FileDescription:  
Product:          
ProductVersion:   
Debug:            False
Patched:          False
PreRelease:       False
PrivateBuild:     False
SpecialBuild:     False
Language:         
","otherfile","System.Collections.Generic.List`1[System.String]",,"otherfile.ps1","0","C:\Users\champuser\CSI-230-01\week2","C:\Users\champuser\CSI-230-01\week2","False","True","C:\Users\champuser\CSI-230-01\week2\otherfile.ps1",".ps1","1/21/2026 6:33:41 PM","1/21/2026 11:33:41 PM","1/21/2026 6:33:41 PM","1/21/2026 11:33:41 PM","1/21/2026 6:33:41 PM","1/21/2026 11:33:41 PM","Archive"
"Microsoft.PowerShell.Core\FileSystem::C:\Users\champuser\CSI-230-01\week2\week2.ps1","Microsoft.PowerShell.Core\FileSystem::C:\Users\champuser\CSI-230-01\week2","week2.ps1","C","Microsoft.PowerShell.Core\FileSystem","False","-a----","File:             C:\Users\champuser\CSI-230-01\week2\week2.ps1
InternalName:     
OriginalFilename: 
FileVersion:      
FileDescription:  
Product:          
ProductVersion:   
Debug:            False
Patched:          False
PreRelease:       False
PrivateBuild:     False
SpecialBuild:     False
Language:         
","week2","System.Collections.Generic.List`1[System.String]",,"week2.ps1","1141","C:\Users\champuser\CSI-230-01\week2","C:\Users\champuser\CSI-230-01\week2","False","True","C:\Users\champuser\CSI-230-01\week2\week2.ps1",".ps1","1/21/2026 5:57:54 PM","1/21/2026 10:57:54 PM","1/21/2026 6:58:34 PM","1/21/2026 11:58:34 PM","1/21/2026 6:58:34 PM","1/21/2026 11:58:34 PM","Archive"
